<?xml version="1.0" encoding="UTF-8"?>
<!-- Generated by org.testng.reporters.JUnitReportReporter -->
<testsuite hostname="VivekM" failures="0" tests="1" name="selenium.TestNG" time="93.030" errors="0" timestamp="2020-12-20T15:47:24 IST" skipped="0">
  <testcase classname="selenium.TestNG" name="testcase1" time="93.030"/>
  <system-out/>
</testsuite> <!-- selenium.TestNG -->
