<?xml version="1.0" encoding="UTF-8"?>
<!-- Generated by org.testng.reporters.JUnitReportReporter -->
<testsuite hostname="Vivek" failures="0" tests="1" name="pack1.DataProviderClass" time="0.000" errors="0" timestamp="2021-03-02T00:10:18 IST" skipped="1">
  <testcase classname="pack1.DataProviderClass" name="setData" time="0.000">
    <skipped/>
  </testcase> <!-- setData -->
  <system-out/>
</testsuite> <!-- pack1.DataProviderClass -->
