<?xml version="1.0" encoding="UTF-8"?>
<!-- Generated by org.testng.reporters.JUnitReportReporter -->
<testsuite hostname="Vivek" failures="0" tests="1" name="pack1.TestNG1" time="0.008" errors="0" timestamp="2021-03-01T21:23:51 IST" skipped="0">
  <testcase classname="pack1.TestNG1" name="Test1" time="0.008"/>
  <system-out/>
</testsuite> <!-- pack1.TestNG1 -->
